<?xml version="1.0" encoding="UTF-8"?>
<testsuite xmlns:xsi="http://www.w3.org/2001/XMLSchema-instance" xsi:noNamespaceSchemaLocation="https://maven.apache.org/surefire/maven-surefire-plugin/xsd/surefire-test-report.xsd" name="cz.cvut.kbss.ear.ms.service.AccountServiceTest" time="2.708" tests="2" errors="0" skipped="0" failures="0">
  <properties>
[...]
</properties>
  <testcase name="registerPersonReturnsException" classname="cz.cvut.kbss.ear.ms.service.AccountServiceTest" time="0.036"/>
  <testcase name="changeCurrentPersonUsernameChangesUsername" classname="cz.cvut.kbss.ear.ms.service.AccountServiceTest" time="0.021"/>
</testsuite>