<?xml version="1.0" encoding="UTF-8"?>
<testsuite xmlns:xsi="http://www.w3.org/2001/XMLSchema-instance" xsi:noNamespaceSchemaLocation="https://maven.apache.org/surefire/maven-surefire-plugin/xsd/surefire-test-report.xsd" name="cz.cvut.kbss.ear.ms.service.EventServiceTest" time="0.215" tests="6" errors="3" skipped="0" failures="0">
  <properties>
[...]
</properties>
  <testcase name="findAllNotVotedEvents_findsAllNotVoted" classname="cz.cvut.kbss.ear.ms.service.EventServiceTest" time="0.03">
    <error message="Event is already closed" type="cz.cvut.kbss.ear.ms.exceptions.DateValidationException">cz.cvut.kbss.ear.ms.exceptions.DateValidationException: Event is already closed
	at cz.cvut.kbss.ear.ms.service.EventServiceTest.generateTestData(EventServiceTest.java:223)
	at cz.cvut.kbss.ear.ms.service.EventServiceTest.findAllNotVotedEvents_findsAllNotVoted(EventServiceTest.java:177)
</error>
    <system-out><![CDATA[08-11-2023 19:07:28.674 [main] INFO  o.s.b.t.c.SpringBootTestContextBootstrapper - Neither @ContextConfiguration nor @ContextHierarchy found for test class [cz.cvut.kbss.ear.ms.service.EventServiceTest], using SpringBootContextLoader
08-11-2023 19:07:28.674 [main] INFO  o.s.t.c.s.AbstractContextLoader - Could not detect default resource locations for test class [cz.cvut.kbss.ear.ms.service.EventServiceTest]: no resource found for suffixes {-context.xml, Context.groovy}.
08-11-2023 19:07:28.674 [main] INFO  o.s.t.c.s.AnnotationConfigContextLoaderUtils - Could not detect default configuration classes for test class [cz.cvut.kbss.ear.ms.service.EventServiceTest]: EventServiceTest does not declare any static, non-private, non-final, nested classes annotated with @Configuration.
08-11-2023 19:07:28.676 [main] INFO  o.s.b.t.c.SpringBootTestContextBootstrapper - Found @SpringBootConfiguration cz.cvut.kbss.ear.ms.MeetingSchedulerApplication for test class cz.cvut.kbss.ear.ms.service.EventServiceTest
08-11-2023 19:07:28.677 [main] INFO  o.s.b.t.c.SpringBootTestContextBootstrapper - Loaded default TestExecutionListener class names from location [META-INF/spring.factories]: [org.springframework.boot.test.mock.mockito.MockitoTestExecutionListener, org.springframework.boot.test.mock.mockito.ResetMocksTestExecutionListener, org.springframework.boot.test.autoconfigure.restdocs.RestDocsTestExecutionListener, org.springframework.boot.test.autoconfigure.web.client.MockRestServiceServerResetTestExecutionListener, org.springframework.boot.test.autoconfigure.web.servlet.MockMvcPrintOnlyOnFailureTestExecutionListener, org.springframework.boot.test.autoconfigure.web.servlet.WebDriverTestExecutionListener, org.springframework.boot.test.autoconfigure.webservices.client.MockWebServiceServerTestExecutionListener, org.springframework.test.context.web.ServletTestExecutionListener, org.springframework.test.context.support.DirtiesContextBeforeModesTestExecutionListener, org.springframework.test.context.event.ApplicationEventsTestExecutionListener, org.springframework.test.context.support.DependencyInjectionTestExecutionListener, org.springframework.test.context.support.DirtiesContextTestExecutionListener, org.springframework.test.context.transaction.TransactionalTestExecutionListener, org.springframework.test.context.jdbc.SqlScriptsTestExecutionListener, org.springframework.test.context.event.EventPublishingTestExecutionListener]
08-11-2023 19:07:28.678 [main] INFO  o.s.b.t.c.SpringBootTestContextBootstrapper - Using TestExecutionListeners: [org.springframework.test.context.web.ServletTestExecutionListener@5eb837a6, org.springframework.test.context.support.DirtiesContextBeforeModesTestExecutionListener@47ce23dd, org.springframework.test.context.event.ApplicationEventsTestExecutionListener@3f287184, org.springframework.boot.test.mock.mockito.MockitoTestExecutionListener@2fd9f6cf, org.springframework.boot.test.autoconfigure.SpringBootDependencyInjectionTestExecutionListener@3043e195, org.springframework.test.context.support.DirtiesContextTestExecutionListener@6a5fc8b, org.springframework.test.context.transaction.TransactionalTestExecutionListener@7afd098a, org.springframework.test.context.jdbc.SqlScriptsTestExecutionListener@1af2f794, org.springframework.test.context.event.EventPublishingTestExecutionListener@3592e216, org.springframework.boot.test.mock.mockito.ResetMocksTestExecutionListener@1cfa118b, org.springframework.boot.test.autoconfigure.restdocs.RestDocsTestExecutionListener@e59eac7, org.springframework.boot.test.autoconfigure.web.client.MockRestServiceServerResetTestExecutionListener@31ae2cf, org.springframework.boot.test.autoconfigure.web.servlet.MockMvcPrintOnlyOnFailureTestExecutionListener@21ba22e8, org.springframework.boot.test.autoconfigure.web.servlet.WebDriverTestExecutionListener@6d80091d, org.springframework.boot.test.autoconfigure.webservices.client.MockWebServiceServerTestExecutionListener@2ccec9b8]
08-11-2023 19:07:28.684 [main] INFO  o.s.t.c.t.TransactionContext - Began transaction (1) for test context [DefaultTestContext@656ea219 testClass = EventServiceTest, testInstance = cz.cvut.kbss.ear.ms.service.EventServiceTest@3f372405, testMethod = findAllNotVotedEvents_findsAllNotVoted@EventServiceTest, testException = [null], mergedContextConfiguration = [WebMergedContextConfiguration@75b81c7d testClass = EventServiceTest, locations = '{}', classes = '{class cz.cvut.kbss.ear.ms.MeetingSchedulerApplication}', contextInitializerClasses = '[]', activeProfiles = '{}', propertySourceLocations = '{classpath:application-test.properties}', propertySourceProperties = '{org.springframework.boot.test.context.SpringBootTestContextBootstrapper=true}', contextCustomizers = set[org.springframework.boot.test.context.filter.ExcludeFilterContextCustomizer@b967222, org.springframework.boot.test.json.DuplicateJsonObjectContextCustomizerFactory$DuplicateJsonObjectContextCustomizer@3e7dfd44, org.springframework.boot.test.mock.mockito.MockitoContextCustomizer@0, org.springframework.boot.test.web.client.TestRestTemplateContextCustomizer@251fa32c, org.springframework.boot.test.autoconfigure.actuate.metrics.MetricsExportContextCustomizerFactory$DisableMetricExportContextCustomizer@518cf84a, org.springframework.boot.test.autoconfigure.properties.PropertyMappingContextCustomizer@0, org.springframework.boot.test.autoconfigure.web.servlet.WebDriverContextCustomizerFactory$Customizer@de88ac6, org.springframework.boot.test.context.SpringBootTestArgs@1, org.springframework.boot.test.context.SpringBootTestWebEnvironment@7a6d7e92], resourceBasePath = 'src/main/webapp', contextLoader = 'org.springframework.boot.test.context.SpringBootContextLoader', parent = [null]], attributes = map['org.springframework.test.context.web.ServletTestExecutionListener.activateListener' -> true, 'org.springframework.test.context.web.ServletTestExecutionListener.populatedRequestContextHolder' -> true, 'org.springframework.test.context.web.ServletTestExecutionListener.resetRequestContextHolder' -> true, 'org.springframework.test.context.event.ApplicationEventsTestExecutionListener.recordApplicationEvents' -> false]]; transaction manager [org.springframework.orm.jpa.JpaTransactionManager@2cdaf44c]; rollback [true]
08-11-2023 19:07:28.715 [main] INFO  o.s.t.c.t.TransactionContext - Rolled back transaction for test: [DefaultTestContext@656ea219 testClass = EventServiceTest, testInstance = cz.cvut.kbss.ear.ms.service.EventServiceTest@3f372405, testMethod = findAllNotVotedEvents_findsAllNotVoted@EventServiceTest, testException = cz.cvut.kbss.ear.ms.exceptions.DateValidationException: Event is already closed, mergedContextConfiguration = [WebMergedContextConfiguration@75b81c7d testClass = EventServiceTest, locations = '{}', classes = '{class cz.cvut.kbss.ear.ms.MeetingSchedulerApplication}', contextInitializerClasses = '[]', activeProfiles = '{}', propertySourceLocations = '{classpath:application-test.properties}', propertySourceProperties = '{org.springframework.boot.test.context.SpringBootTestContextBootstrapper=true}', contextCustomizers = set[org.springframework.boot.test.context.filter.ExcludeFilterContextCustomizer@b967222, org.springframework.boot.test.json.DuplicateJsonObjectContextCustomizerFactory$DuplicateJsonObjectContextCustomizer@3e7dfd44, org.springframework.boot.test.mock.mockito.MockitoContextCustomizer@0, org.springframework.boot.test.web.client.TestRestTemplateContextCustomizer@251fa32c, org.springframework.boot.test.autoconfigure.actuate.metrics.MetricsExportContextCustomizerFactory$DisableMetricExportContextCustomizer@518cf84a, org.springframework.boot.test.autoconfigure.properties.PropertyMappingContextCustomizer@0, org.springframework.boot.test.autoconfigure.web.servlet.WebDriverContextCustomizerFactory$Customizer@de88ac6, org.springframework.boot.test.context.SpringBootTestArgs@1, org.springframework.boot.test.context.SpringBootTestWebEnvironment@7a6d7e92], resourceBasePath = 'src/main/webapp', contextLoader = 'org.springframework.boot.test.context.SpringBootContextLoader', parent = [null]], attributes = map['org.springframework.test.context.web.ServletTestExecutionListener.activateListener' -> true, 'org.springframework.test.context.web.ServletTestExecutionListener.populatedRequestContextHolder' -> true, 'org.springframework.test.context.web.ServletTestExecutionListener.resetRequestContextHolder' -> true, 'org.springframework.test.context.event.ApplicationEventsTestExecutionListener.recordApplicationEvents' -> false]]
]]></system-out>
  </testcase>
  <testcase name="makeAutoFinalPollOptionMakesOptionFinal" classname="cz.cvut.kbss.ear.ms.service.EventServiceTest" time="0.07"/>
  <testcase name="closeAllEventsForOneUser" classname="cz.cvut.kbss.ear.ms.service.EventServiceTest" time="0.051"/>
  <testcase name="updateTest" classname="cz.cvut.kbss.ear.ms.service.EventServiceTest" time="0.014"/>
  <testcase name="addRegisteredUserAsAGuestAddsUser" classname="cz.cvut.kbss.ear.ms.service.EventServiceTest" time="0.021">
    <error message="Event is already closed" type="cz.cvut.kbss.ear.ms.exceptions.DateValidationException">cz.cvut.kbss.ear.ms.exceptions.DateValidationException: Event is already closed
	at cz.cvut.kbss.ear.ms.service.EventServiceTest.addRegisteredUserAsAGuestAddsUser(EventServiceTest.java:44)
</error>
    <system-out><![CDATA[08-11-2023 19:07:28.857 [main] INFO  o.s.t.c.t.TransactionContext - Began transaction (1) for test context [DefaultTestContext@656ea219 testClass = EventServiceTest, testInstance = cz.cvut.kbss.ear.ms.service.EventServiceTest@1888381d, testMethod = addRegisteredUserAsAGuestAddsUser@EventServiceTest, testException = [null], mergedContextConfiguration = [WebMergedContextConfiguration@75b81c7d testClass = EventServiceTest, locations = '{}', classes = '{class cz.cvut.kbss.ear.ms.MeetingSchedulerApplication}', contextInitializerClasses = '[]', activeProfiles = '{}', propertySourceLocations = '{classpath:application-test.properties}', propertySourceProperties = '{org.springframework.boot.test.context.SpringBootTestContextBootstrapper=true}', contextCustomizers = set[org.springframework.boot.test.context.filter.ExcludeFilterContextCustomizer@b967222, org.springframework.boot.test.json.DuplicateJsonObjectContextCustomizerFactory$DuplicateJsonObjectContextCustomizer@3e7dfd44, org.springframework.boot.test.mock.mockito.MockitoContextCustomizer@0, org.springframework.boot.test.web.client.TestRestTemplateContextCustomizer@251fa32c, org.springframework.boot.test.autoconfigure.actuate.metrics.MetricsExportContextCustomizerFactory$DisableMetricExportContextCustomizer@518cf84a, org.springframework.boot.test.autoconfigure.properties.PropertyMappingContextCustomizer@0, org.springframework.boot.test.autoconfigure.web.servlet.WebDriverContextCustomizerFactory$Customizer@de88ac6, org.springframework.boot.test.context.SpringBootTestArgs@1, org.springframework.boot.test.context.SpringBootTestWebEnvironment@7a6d7e92], resourceBasePath = 'src/main/webapp', contextLoader = 'org.springframework.boot.test.context.SpringBootContextLoader', parent = [null]], attributes = map['org.springframework.test.context.web.ServletTestExecutionListener.activateListener' -> true, 'org.springframework.test.context.web.ServletTestExecutionListener.populatedRequestContextHolder' -> true, 'org.springframework.test.context.web.ServletTestExecutionListener.resetRequestContextHolder' -> true, 'org.springframework.test.context.event.ApplicationEventsTestExecutionListener.recordApplicationEvents' -> false]]; transaction manager [org.springframework.orm.jpa.JpaTransactionManager@2cdaf44c]; rollback [true]
[EL Fine]: sql: 2023-11-08 19:07:28.863--ClientSession(808220440)--Connection(1592051251)--INSERT INTO MS_ACCOUNT (ID, PASSWORD, ROLE, USERNAME, PERSON_TYPE) VALUES (?, ?, ?, ?, ?)
	bind => [122, password1, USER, username1102330847, USER]
[EL Fine]: sql: 2023-11-08 19:07:28.865--ClientSession(808220440)--Connection(1592051251)--INSERT INTO MS_ACCOUNT (ID, PASSWORD, ROLE, USERNAME, PERSON_TYPE) VALUES (?, ?, ?, ?, ?)
	bind => [123, password1, USER, username-412928051, USER]
[EL Fine]: sql: 2023-11-08 19:07:28.865--ClientSession(808220440)--Connection(1592051251)--INSERT INTO MS_EVENT (ID, DETAIL, LOCATION, NAME, OPENDUETO, OWNER_ID) VALUES (?, ?, ?, ?, ?, ?)
	bind => [124, test, address1426693328, name919343993, 2023-10-23, 123]
[EL Fine]: sql: 2023-11-08 19:07:28.867--ClientSession(808220440)--Connection(1592051251)--INSERT INTO MS_POLLOPTION (ID, DATESLOT, ISFINAL, TIMESLOT, EVENT_ID) VALUES (?, ?, ?, ?, ?)
	bind => [125, 2023-11-18, false, 22:49:19, 124]
[EL Fine]: sql: 2023-11-08 19:07:28.868--ClientSession(808220440)--Connection(1592051251)--INSERT INTO MS_USER (EMAIL, FIRSTNAME, LASTNAME, ID) VALUES (?, ?, ?, ?)
	bind => [LastName-422779463@kbss.felk.cvut.cz, FirstName-1417371932, LastName1687469987, 122]
[EL Fine]: sql: 2023-11-08 19:07:28.869--ClientSession(808220440)--Connection(1592051251)--INSERT INTO MS_USER (EMAIL, FIRSTNAME, LASTNAME, ID) VALUES (?, ?, ?, ?)
	bind => [LastName66673658@kbss.felk.cvut.cz, FirstName-405755228, LastName944497906, 123]
[EL Fine]: sql: 2023-11-08 19:07:28.87--ClientSession(808220440)--Connection(1592051251)--SELECT t0.ID, t0.PERSON_TYPE, t0.PASSWORD, t0.ROLE, t0.USERNAME, t1.ID, t1.EMAIL, t1.FIRSTNAME, t1.LASTNAME FROM MS_ACCOUNT t0, MS_USER t1 WHERE ((t0.USERNAME = ?) AND ((t1.ID = t0.ID) AND (t0.PERSON_TYPE = ?)))
	bind => [username1102330847, USER]
08-11-2023 19:07:28.877 [main] INFO  o.s.t.c.t.TransactionContext - Rolled back transaction for test: [DefaultTestContext@656ea219 testClass = EventServiceTest, testInstance = cz.cvut.kbss.ear.ms.service.EventServiceTest@1888381d, testMethod = addRegisteredUserAsAGuestAddsUser@EventServiceTest, testException = cz.cvut.kbss.ear.ms.exceptions.DateValidationException: Event is already closed, mergedContextConfiguration = [WebMergedContextConfiguration@75b81c7d testClass = EventServiceTest, locations = '{}', classes = '{class cz.cvut.kbss.ear.ms.MeetingSchedulerApplication}', contextInitializerClasses = '[]', activeProfiles = '{}', propertySourceLocations = '{classpath:application-test.properties}', propertySourceProperties = '{org.springframework.boot.test.context.SpringBootTestContextBootstrapper=true}', contextCustomizers = set[org.springframework.boot.test.context.filter.ExcludeFilterContextCustomizer@b967222, org.springframework.boot.test.json.DuplicateJsonObjectContextCustomizerFactory$DuplicateJsonObjectContextCustomizer@3e7dfd44, org.springframework.boot.test.mock.mockito.MockitoContextCustomizer@0, org.springframework.boot.test.web.client.TestRestTemplateContextCustomizer@251fa32c, org.springframework.boot.test.autoconfigure.actuate.metrics.MetricsExportContextCustomizerFactory$DisableMetricExportContextCustomizer@518cf84a, org.springframework.boot.test.autoconfigure.properties.PropertyMappingContextCustomizer@0, org.springframework.boot.test.autoconfigure.web.servlet.WebDriverContextCustomizerFactory$Customizer@de88ac6, org.springframework.boot.test.context.SpringBootTestArgs@1, org.springframework.boot.test.context.SpringBootTestWebEnvironment@7a6d7e92], resourceBasePath = 'src/main/webapp', contextLoader = 'org.springframework.boot.test.context.SpringBootContextLoader', parent = [null]], attributes = map['org.springframework.test.context.web.ServletTestExecutionListener.activateListener' -> true, 'org.springframework.test.context.web.ServletTestExecutionListener.populatedRequestContextHolder' -> true, 'org.springframework.test.context.web.ServletTestExecutionListener.resetRequestContextHolder' -> true, 'org.springframework.test.context.event.ApplicationEventsTestExecutionListener.recordApplicationEvents' -> false]]
]]></system-out>
  </testcase>
  <testcase name="findAllActiveGuestEvents_findsAllActive" classname="cz.cvut.kbss.ear.ms.service.EventServiceTest" time="0.014">
    <error message="Event is already closed" type="cz.cvut.kbss.ear.ms.exceptions.DateValidationException">cz.cvut.kbss.ear.ms.exceptions.DateValidationException: Event is already closed
	at cz.cvut.kbss.ear.ms.service.EventServiceTest.generateTestData(EventServiceTest.java:222)
	at cz.cvut.kbss.ear.ms.service.EventServiceTest.findAllActiveGuestEvents_findsAllActive(EventServiceTest.java:161)
</error>
    <system-out><![CDATA[08-11-2023 19:07:28.881 [main] INFO  o.s.t.c.t.TransactionContext - Began transaction (1) for test context [DefaultTestContext@656ea219 testClass = EventServiceTest, testInstance = cz.cvut.kbss.ear.ms.service.EventServiceTest@28b359bf, testMethod = findAllActiveGuestEvents_findsAllActive@EventServiceTest, testException = [null], mergedContextConfiguration = [WebMergedContextConfiguration@75b81c7d testClass = EventServiceTest, locations = '{}', classes = '{class cz.cvut.kbss.ear.ms.MeetingSchedulerApplication}', contextInitializerClasses = '[]', activeProfiles = '{}', propertySourceLocations = '{classpath:application-test.properties}', propertySourceProperties = '{org.springframework.boot.test.context.SpringBootTestContextBootstrapper=true}', contextCustomizers = set[org.springframework.boot.test.context.filter.ExcludeFilterContextCustomizer@b967222, org.springframework.boot.test.json.DuplicateJsonObjectContextCustomizerFactory$DuplicateJsonObjectContextCustomizer@3e7dfd44, org.springframework.boot.test.mock.mockito.MockitoContextCustomizer@0, org.springframework.boot.test.web.client.TestRestTemplateContextCustomizer@251fa32c, org.springframework.boot.test.autoconfigure.actuate.metrics.MetricsExportContextCustomizerFactory$DisableMetricExportContextCustomizer@518cf84a, org.springframework.boot.test.autoconfigure.properties.PropertyMappingContextCustomizer@0, org.springframework.boot.test.autoconfigure.web.servlet.WebDriverContextCustomizerFactory$Customizer@de88ac6, org.springframework.boot.test.context.SpringBootTestArgs@1, org.springframework.boot.test.context.SpringBootTestWebEnvironment@7a6d7e92], resourceBasePath = 'src/main/webapp', contextLoader = 'org.springframework.boot.test.context.SpringBootContextLoader', parent = [null]], attributes = map['org.springframework.test.context.web.ServletTestExecutionListener.activateListener' -> true, 'org.springframework.test.context.web.ServletTestExecutionListener.populatedRequestContextHolder' -> true, 'org.springframework.test.context.web.ServletTestExecutionListener.resetRequestContextHolder' -> true, 'org.springframework.test.context.event.ApplicationEventsTestExecutionListener.recordApplicationEvents' -> false]]; transaction manager [org.springframework.orm.jpa.JpaTransactionManager@2cdaf44c]; rollback [true]
08-11-2023 19:07:28.890 [main] INFO  o.s.t.c.t.TransactionContext - Rolled back transaction for test: [DefaultTestContext@656ea219 testClass = EventServiceTest, testInstance = cz.cvut.kbss.ear.ms.service.EventServiceTest@28b359bf, testMethod = findAllActiveGuestEvents_findsAllActive@EventServiceTest, testException = cz.cvut.kbss.ear.ms.exceptions.DateValidationException: Event is already closed, mergedContextConfiguration = [WebMergedContextConfiguration@75b81c7d testClass = EventServiceTest, locations = '{}', classes = '{class cz.cvut.kbss.ear.ms.MeetingSchedulerApplication}', contextInitializerClasses = '[]', activeProfiles = '{}', propertySourceLocations = '{classpath:application-test.properties}', propertySourceProperties = '{org.springframework.boot.test.context.SpringBootTestContextBootstrapper=true}', contextCustomizers = set[org.springframework.boot.test.context.filter.ExcludeFilterContextCustomizer@b967222, org.springframework.boot.test.json.DuplicateJsonObjectContextCustomizerFactory$DuplicateJsonObjectContextCustomizer@3e7dfd44, org.springframework.boot.test.mock.mockito.MockitoContextCustomizer@0, org.springframework.boot.test.web.client.TestRestTemplateContextCustomizer@251fa32c, org.springframework.boot.test.autoconfigure.actuate.metrics.MetricsExportContextCustomizerFactory$DisableMetricExportContextCustomizer@518cf84a, org.springframework.boot.test.autoconfigure.properties.PropertyMappingContextCustomizer@0, org.springframework.boot.test.autoconfigure.web.servlet.WebDriverContextCustomizerFactory$Customizer@de88ac6, org.springframework.boot.test.context.SpringBootTestArgs@1, org.springframework.boot.test.context.SpringBootTestWebEnvironment@7a6d7e92], resourceBasePath = 'src/main/webapp', contextLoader = 'org.springframework.boot.test.context.SpringBootContextLoader', parent = [null]], attributes = map['org.springframework.test.context.web.ServletTestExecutionListener.activateListener' -> true, 'org.springframework.test.context.web.ServletTestExecutionListener.populatedRequestContextHolder' -> true, 'org.springframework.test.context.web.ServletTestExecutionListener.resetRequestContextHolder' -> true, 'org.springframework.test.context.event.ApplicationEventsTestExecutionListener.recordApplicationEvents' -> false]]
]]></system-out>
  </testcase>
</testsuite>